This file contains any messages produced by compilers while
running configure, to aid debugging if configure makes a mistake.

It was created by FULL-PACKAGE-NAME preflight VERSION, which was
generated by GNU Autoconf 2.68.  Invocation command line was

  $ ./preflight -q

## --------- ##
## Platform. ##
## --------- ##

hostname = kali
uname -m = x86_64
uname -r = 6.1.0-kali9-amd64
uname -s = Linux
uname -v = #1 SMP PREEMPT_DYNAMIC Debian 6.1.27-1kali1 (2023-05-12)

/usr/bin/uname -p = unknown
/bin/uname -X     = unknown

/bin/arch              = x86_64
/usr/bin/arch -k       = unknown
/usr/convex/getsysinfo = unknown
/usr/bin/hostinfo      = unknown
/bin/machine           = unknown
/usr/bin/oslevel       = unknown
/bin/universe          = unknown

PATH: /home/kali/plone5_12_env/bin
PATH: /usr/local/sbin
PATH: /usr/local/bin
PATH: /usr/sbin
PATH: /usr/bin
PATH: /sbin
PATH: /bin
PATH: /usr/local/games
PATH: /usr/games


## ----------- ##
## Core tests. ##
## ----------- ##

preflight:2111: checking for gcc
preflight:2127: found /usr/bin/gcc
preflight:2138: result: gcc
preflight:2367: checking for C compiler version
preflight:2376: gcc --version >&5
gcc (Debian 12.2.0-14) 12.2.0
Copyright (C) 2022 Free Software Foundation, Inc.
This is free software; see the source for copying conditions.  There is NO
warranty; not even for MERCHANTABILITY or FITNESS FOR A PARTICULAR PURPOSE.

preflight:2387: $? = 0
preflight:2376: gcc -v >&5
Using built-in specs.
COLLECT_GCC=gcc
COLLECT_LTO_WRAPPER=/usr/lib/gcc/x86_64-linux-gnu/12/lto-wrapper
OFFLOAD_TARGET_NAMES=nvptx-none:amdgcn-amdhsa
OFFLOAD_TARGET_DEFAULT=1
Target: x86_64-linux-gnu
Configured with: ../src/configure -v --with-pkgversion='Debian 12.2.0-14' --with-bugurl=file:///usr/share/doc/gcc-12/README.Bugs --enable-languages=c,ada,c++,go,d,fortran,objc,obj-c++,m2 --prefix=/usr --with-gcc-major-version-only --program-suffix=-12 --program-prefix=x86_64-linux-gnu- --enable-shared --enable-linker-build-id --libexecdir=/usr/lib --without-included-gettext --enable-threads=posix --libdir=/usr/lib --enable-nls --enable-clocale=gnu --enable-libstdcxx-debug --enable-libstdcxx-time=yes --with-default-libstdcxx-abi=new --enable-gnu-unique-object --disable-vtable-verify --enable-plugin --enable-default-pie --with-system-zlib --enable-libphobos-checking=release --with-target-system-zlib=auto --enable-objc-gc=auto --enable-multiarch --disable-werror --enable-cet --with-arch-32=i686 --with-abi=m64 --with-multilib-list=m32,m64,mx32 --enable-multilib --with-tune=generic --enable-offload-targets=nvptx-none=/build/gcc-12-bTRWOB/gcc-12-12.2.0/debian/tmp-nvptx/usr,amdgcn-amdhsa=/build/gcc-12-bTRWOB/gcc-12-12.2.0/debian/tmp-gcn/usr --enable-offload-defaulted --without-cuda-driver --enable-checking=release --build=x86_64-linux-gnu --host=x86_64-linux-gnu --target=x86_64-linux-gnu
Thread model: posix
Supported LTO compression algorithms: zlib zstd
gcc version 12.2.0 (Debian 12.2.0-14) 
... rest of stderr output deleted ...
preflight:2387: $? = 0
preflight:2376: gcc -V >&5
gcc: error: unrecognized command-line option '-V'
gcc: fatal error: no input files
compilation terminated.
preflight:2387: $? = 1
preflight:2376: gcc -qversion >&5
gcc: error: unrecognized command-line option '-qversion'; did you mean '--version'?
gcc: fatal error: no input files
compilation terminated.
preflight:2387: $? = 1
preflight:2407: checking whether the C compiler works
preflight:2429: gcc    conftest.c  >&5
preflight:2433: $? = 0
preflight:2481: result: yes
preflight:2484: checking for C compiler default output file name
preflight:2486: result: a.out
preflight:2492: checking for suffix of executables
preflight:2499: gcc -o conftest    conftest.c  >&5
preflight:2503: $? = 0
preflight:2525: result: 
preflight:2547: checking whether we are cross compiling
preflight:2555: gcc -o conftest    conftest.c  >&5
preflight:2559: $? = 0
preflight:2566: ./conftest
preflight:2570: $? = 0
preflight:2585: result: no
preflight:2590: checking for suffix of object files
preflight:2612: gcc -c   conftest.c >&5
preflight:2616: $? = 0
preflight:2637: result: o
preflight:2641: checking whether we are using the GNU C compiler
preflight:2660: gcc -c   conftest.c >&5
preflight:2660: $? = 0
preflight:2669: result: yes
preflight:2678: checking whether gcc accepts -g
preflight:2698: gcc -c -g  conftest.c >&5
preflight:2698: $? = 0
preflight:2739: result: yes
preflight:2756: checking for gcc option to accept ISO C89
preflight:2820: gcc  -c -g -O2  conftest.c >&5
preflight:2820: $? = 0
preflight:2833: result: none needed
preflight:2858: checking how to run the C preprocessor
preflight:2889: gcc -E  conftest.c
preflight:2889: $? = 0
preflight:2903: gcc -E  conftest.c
conftest.c:9:10: fatal error: ac_nonexistent.h: No such file or directory
    9 | #include <ac_nonexistent.h>
      |          ^~~~~~~~~~~~~~~~~~
compilation terminated.
preflight:2903: $? = 1
preflight: failed program was:
| /* confdefs.h */
| #define PACKAGE_NAME "FULL-PACKAGE-NAME"
| #define PACKAGE_TARNAME "full-package-name"
| #define PACKAGE_VERSION "VERSION"
| #define PACKAGE_STRING "FULL-PACKAGE-NAME VERSION"
| #define PACKAGE_BUGREPORT "BUG-REPORT-ADDRESS"
| #define PACKAGE_URL ""
| /* end confdefs.h.  */
| #include <ac_nonexistent.h>
preflight:2928: result: gcc -E
preflight:2948: gcc -E  conftest.c
preflight:2948: $? = 0
preflight:2962: gcc -E  conftest.c
conftest.c:9:10: fatal error: ac_nonexistent.h: No such file or directory
    9 | #include <ac_nonexistent.h>
      |          ^~~~~~~~~~~~~~~~~~
compilation terminated.
preflight:2962: $? = 1
preflight: failed program was:
| /* confdefs.h */
| #define PACKAGE_NAME "FULL-PACKAGE-NAME"
| #define PACKAGE_TARNAME "full-package-name"
| #define PACKAGE_VERSION "VERSION"
| #define PACKAGE_STRING "FULL-PACKAGE-NAME VERSION"
| #define PACKAGE_BUGREPORT "BUG-REPORT-ADDRESS"
| #define PACKAGE_URL ""
| /* end confdefs.h.  */
| #include <ac_nonexistent.h>
preflight:3048: checking for g++
preflight:3064: found /usr/bin/g++
preflight:3075: result: g++
preflight:3102: checking for C++ compiler version
preflight:3111: g++ --version >&5
g++ (Debian 12.2.0-14) 12.2.0
Copyright (C) 2022 Free Software Foundation, Inc.
This is free software; see the source for copying conditions.  There is NO
warranty; not even for MERCHANTABILITY or FITNESS FOR A PARTICULAR PURPOSE.

preflight:3122: $? = 0
preflight:3111: g++ -v >&5
Using built-in specs.
COLLECT_GCC=g++
COLLECT_LTO_WRAPPER=/usr/lib/gcc/x86_64-linux-gnu/12/lto-wrapper
OFFLOAD_TARGET_NAMES=nvptx-none:amdgcn-amdhsa
OFFLOAD_TARGET_DEFAULT=1
Target: x86_64-linux-gnu
Configured with: ../src/configure -v --with-pkgversion='Debian 12.2.0-14' --with-bugurl=file:///usr/share/doc/gcc-12/README.Bugs --enable-languages=c,ada,c++,go,d,fortran,objc,obj-c++,m2 --prefix=/usr --with-gcc-major-version-only --program-suffix=-12 --program-prefix=x86_64-linux-gnu- --enable-shared --enable-linker-build-id --libexecdir=/usr/lib --without-included-gettext --enable-threads=posix --libdir=/usr/lib --enable-nls --enable-clocale=gnu --enable-libstdcxx-debug --enable-libstdcxx-time=yes --with-default-libstdcxx-abi=new --enable-gnu-unique-object --disable-vtable-verify --enable-plugin --enable-default-pie --with-system-zlib --enable-libphobos-checking=release --with-target-system-zlib=auto --enable-objc-gc=auto --enable-multiarch --disable-werror --enable-cet --with-arch-32=i686 --with-abi=m64 --with-multilib-list=m32,m64,mx32 --enable-multilib --with-tune=generic --enable-offload-targets=nvptx-none=/build/gcc-12-bTRWOB/gcc-12-12.2.0/debian/tmp-nvptx/usr,amdgcn-amdhsa=/build/gcc-12-bTRWOB/gcc-12-12.2.0/debian/tmp-gcn/usr --enable-offload-defaulted --without-cuda-driver --enable-checking=release --build=x86_64-linux-gnu --host=x86_64-linux-gnu --target=x86_64-linux-gnu
Thread model: posix
Supported LTO compression algorithms: zlib zstd
gcc version 12.2.0 (Debian 12.2.0-14) 
... rest of stderr output deleted ...
preflight:3122: $? = 0
preflight:3111: g++ -V >&5
g++: error: unrecognized command-line option '-V'
g++: fatal error: no input files
compilation terminated.
preflight:3122: $? = 1
preflight:3111: g++ -qversion >&5
g++: error: unrecognized command-line option '-qversion'; did you mean '--version'?
g++: fatal error: no input files
compilation terminated.
preflight:3122: $? = 1
preflight:3126: checking whether we are using the GNU C++ compiler
preflight:3145: g++ -c   conftest.cpp >&5
preflight:3145: $? = 0
preflight:3154: result: yes
preflight:3163: checking whether g++ accepts -g
preflight:3183: g++ -c -g  conftest.cpp >&5
preflight:3183: $? = 0
preflight:3224: result: yes
preflight:3250: checking for bunzip2
preflight:3266: found /usr/bin/bunzip2
preflight:3277: result: yes
preflight:3287: checking for tar
preflight:3303: found /usr/bin/tar
preflight:3314: result: yes
preflight:3324: checking for gunzip
preflight:3340: found /usr/bin/gunzip
preflight:3351: result: yes
preflight:3361: checking for make
preflight:3377: found /usr/bin/make
preflight:3388: result: yes
preflight:3398: checking for patch
preflight:3414: found /usr/bin/patch
preflight:3425: result: yes
preflight:3436: checking for xml2-config
preflight:3454: found /usr/bin/xml2-config
preflight:3466: result: /usr/bin/xml2-config
preflight:3476: checking for xslt-config
preflight:3494: found /usr/bin/xslt-config
preflight:3506: result: /usr/bin/xslt-config
preflight:3519: checking for grep that handles long lines and -e
preflight:3577: result: /usr/bin/grep
preflight:3582: checking for egrep
preflight:3644: result: /usr/bin/grep -E
preflight:3649: checking for ANSI C header files
preflight:3669: gcc -c -g -O2  conftest.c >&5
preflight:3669: $? = 0
preflight:3742: gcc -o conftest -g -O2   conftest.c  >&5
preflight:3742: $? = 0
preflight:3742: ./conftest
preflight:3742: $? = 0
preflight:3753: result: yes
preflight:3766: checking for sys/types.h
preflight:3766: gcc -c -g -O2  conftest.c >&5
preflight:3766: $? = 0
preflight:3766: result: yes
preflight:3766: checking for sys/stat.h
preflight:3766: gcc -c -g -O2  conftest.c >&5
preflight:3766: $? = 0
preflight:3766: result: yes
preflight:3766: checking for stdlib.h
preflight:3766: gcc -c -g -O2  conftest.c >&5
preflight:3766: $? = 0
preflight:3766: result: yes
preflight:3766: checking for string.h
preflight:3766: gcc -c -g -O2  conftest.c >&5
preflight:3766: $? = 0
preflight:3766: result: yes
preflight:3766: checking for memory.h
preflight:3766: gcc -c -g -O2  conftest.c >&5
preflight:3766: $? = 0
preflight:3766: result: yes
preflight:3766: checking for strings.h
preflight:3766: gcc -c -g -O2  conftest.c >&5
preflight:3766: $? = 0
preflight:3766: result: yes
preflight:3766: checking for inttypes.h
preflight:3766: gcc -c -g -O2  conftest.c >&5
preflight:3766: $? = 0
preflight:3766: result: yes
preflight:3766: checking for stdint.h
preflight:3766: gcc -c -g -O2  conftest.c >&5
preflight:3766: $? = 0
preflight:3766: result: yes
preflight:3766: checking for unistd.h
preflight:3766: gcc -c -g -O2  conftest.c >&5
preflight:3766: $? = 0
preflight:3766: result: yes
preflight:3778: checking openssl/ssl.h usability
preflight:3778: gcc -c -g -O2  conftest.c >&5
preflight:3778: $? = 0
preflight:3778: result: yes
preflight:3778: checking openssl/ssl.h presence
preflight:3778: gcc -E  conftest.c
preflight:3778: $? = 0
preflight:3778: result: yes
preflight:3778: checking for openssl/ssl.h
preflight:3778: result: yes
preflight:3791: checking for main in -lreadline
preflight:3810: gcc -o conftest -g -O2   conftest.c -lreadline   >&5
preflight:3810: $? = 0
preflight:3819: result: yes
preflight:3822: checking readline/readline.h usability
preflight:3822: gcc -c -g -O2  conftest.c >&5
preflight:3822: $? = 0
preflight:3822: result: yes
preflight:3822: checking readline/readline.h presence
preflight:3822: gcc -E  conftest.c
preflight:3822: $? = 0
preflight:3822: result: yes
preflight:3822: checking for readline/readline.h
preflight:3822: result: yes
preflight:3834: checking for gzread in -lz
preflight:3859: gcc -o conftest -g -O2   conftest.c -lz   >&5
preflight:3859: $? = 0
preflight:3868: result: yes
preflight:3871: checking zlib.h usability
preflight:3871: gcc -c -g -O2  conftest.c >&5
preflight:3871: $? = 0
preflight:3871: result: yes
preflight:3871: checking zlib.h presence
preflight:3871: gcc -E  conftest.c
preflight:3871: $? = 0
preflight:3871: result: yes
preflight:3871: checking for zlib.h
preflight:3871: result: yes
preflight:3883: checking for jpeg_read_header in -ljpeg
preflight:3908: gcc -o conftest -g -O2   conftest.c -ljpeg   >&5
preflight:3908: $? = 0
preflight:3917: result: yes
preflight:3920: checking jpeglib.h usability
preflight:3920: gcc -c -g -O2  conftest.c >&5
preflight:3920: $? = 0
preflight:3920: result: yes
preflight:3920: checking jpeglib.h presence
preflight:3920: gcc -E  conftest.c
preflight:3920: $? = 0
preflight:3920: result: yes
preflight:3920: checking for jpeglib.h
preflight:3920: result: yes
preflight:3932: checking for SSL_accept in -lssl
preflight:3957: gcc -o conftest -g -O2   conftest.c -lssl   >&5
preflight:3957: $? = 0
preflight:3966: result: yes
preflight:3969: checking ssl.h usability
preflight:3969: gcc -c -g -O2  conftest.c >&5
conftest.c:52:10: fatal error: ssl.h: No such file or directory
   52 | #include <ssl.h>
      |          ^~~~~~~
compilation terminated.
preflight:3969: $? = 1
preflight: failed program was:
| /* confdefs.h */
| #define PACKAGE_NAME "FULL-PACKAGE-NAME"
| #define PACKAGE_TARNAME "full-package-name"
| #define PACKAGE_VERSION "VERSION"
| #define PACKAGE_STRING "FULL-PACKAGE-NAME VERSION"
| #define PACKAGE_BUGREPORT "BUG-REPORT-ADDRESS"
| #define PACKAGE_URL ""
| #define STDC_HEADERS 1
| #define HAVE_SYS_TYPES_H 1
| #define HAVE_SYS_STAT_H 1
| #define HAVE_STDLIB_H 1
| #define HAVE_STRING_H 1
| #define HAVE_MEMORY_H 1
| #define HAVE_STRINGS_H 1
| #define HAVE_INTTYPES_H 1
| #define HAVE_STDINT_H 1
| #define HAVE_UNISTD_H 1
| /* end confdefs.h.  */
| #include <stdio.h>
| #ifdef HAVE_SYS_TYPES_H
| # include <sys/types.h>
| #endif
| #ifdef HAVE_SYS_STAT_H
| # include <sys/stat.h>
| #endif
| #ifdef STDC_HEADERS
| # include <stdlib.h>
| # include <stddef.h>
| #else
| # ifdef HAVE_STDLIB_H
| #  include <stdlib.h>
| # endif
| #endif
| #ifdef HAVE_STRING_H
| # if !defined STDC_HEADERS && defined HAVE_MEMORY_H
| #  include <memory.h>
| # endif
| # include <string.h>
| #endif
| #ifdef HAVE_STRINGS_H
| # include <strings.h>
| #endif
| #ifdef HAVE_INTTYPES_H
| # include <inttypes.h>
| #endif
| #ifdef HAVE_STDINT_H
| # include <stdint.h>
| #endif
| #ifdef HAVE_UNISTD_H
| # include <unistd.h>
| #endif
| #include <ssl.h>
preflight:3969: result: no
preflight:3969: checking ssl.h presence
preflight:3969: gcc -E  conftest.c
conftest.c:19:10: fatal error: ssl.h: No such file or directory
   19 | #include <ssl.h>
      |          ^~~~~~~
compilation terminated.
preflight:3969: $? = 1
preflight: failed program was:
| /* confdefs.h */
| #define PACKAGE_NAME "FULL-PACKAGE-NAME"
| #define PACKAGE_TARNAME "full-package-name"
| #define PACKAGE_VERSION "VERSION"
| #define PACKAGE_STRING "FULL-PACKAGE-NAME VERSION"
| #define PACKAGE_BUGREPORT "BUG-REPORT-ADDRESS"
| #define PACKAGE_URL ""
| #define STDC_HEADERS 1
| #define HAVE_SYS_TYPES_H 1
| #define HAVE_SYS_STAT_H 1
| #define HAVE_STDLIB_H 1
| #define HAVE_STRING_H 1
| #define HAVE_MEMORY_H 1
| #define HAVE_STRINGS_H 1
| #define HAVE_INTTYPES_H 1
| #define HAVE_STDINT_H 1
| #define HAVE_UNISTD_H 1
| /* end confdefs.h.  */
| #include <ssl.h>
preflight:3969: result: no
preflight:3969: checking for ssl.h
preflight:3969: result: no
preflight:3976: checking for openssl/ssl.h
preflight:3976: result: yes
preflight:4131: creating ./config.status

## ---------------------- ##
## Running config.status. ##
## ---------------------- ##

This file was extended by FULL-PACKAGE-NAME config.status VERSION, which was
generated by GNU Autoconf 2.68.  Invocation command line was

  CONFIG_FILES    = 
  CONFIG_HEADERS  = 
  CONFIG_LINKS    = 
  CONFIG_COMMANDS = 
  $ ./config.status --quiet

on kali

config.status:750: creating buildenv.sh

## ---------------- ##
## Cache variables. ##
## ---------------- ##

ac_cv_c_compiler_gnu=yes
ac_cv_cxx_compiler_gnu=yes
ac_cv_env_CCC_set=
ac_cv_env_CCC_value=
ac_cv_env_CC_set=
ac_cv_env_CC_value=
ac_cv_env_CFLAGS_set=
ac_cv_env_CFLAGS_value=
ac_cv_env_CPPFLAGS_set=
ac_cv_env_CPPFLAGS_value=
ac_cv_env_CPP_set=
ac_cv_env_CPP_value=
ac_cv_env_CXXFLAGS_set=
ac_cv_env_CXXFLAGS_value=
ac_cv_env_CXX_set=
ac_cv_env_CXX_value=
ac_cv_env_LDFLAGS_set=
ac_cv_env_LDFLAGS_value=
ac_cv_env_LIBS_set=
ac_cv_env_LIBS_value=
ac_cv_env_build_alias_set=
ac_cv_env_build_alias_value=
ac_cv_env_host_alias_set=
ac_cv_env_host_alias_value=
ac_cv_env_target_alias_set=
ac_cv_env_target_alias_value=
ac_cv_header_inttypes_h=yes
ac_cv_header_jpeglib_h=yes
ac_cv_header_memory_h=yes
ac_cv_header_openssl_ssl_h=yes
ac_cv_header_readline_readline_h=yes
ac_cv_header_ssl_h=no
ac_cv_header_stdc=yes
ac_cv_header_stdint_h=yes
ac_cv_header_stdlib_h=yes
ac_cv_header_string_h=yes
ac_cv_header_strings_h=yes
ac_cv_header_sys_stat_h=yes
ac_cv_header_sys_types_h=yes
ac_cv_header_unistd_h=yes
ac_cv_header_zlib_h=yes
ac_cv_lib_jpeg_jpeg_read_header=yes
ac_cv_lib_readline_main=yes
ac_cv_lib_ssl_SSL_accept=yes
ac_cv_lib_z_gzread=yes
ac_cv_objext=o
ac_cv_path_EGREP='/usr/bin/grep -E'
ac_cv_path_GREP=/usr/bin/grep
ac_cv_path_have_xml2_config=/usr/bin/xml2-config
ac_cv_path_have_xslt_config=/usr/bin/xslt-config
ac_cv_prog_CPP='gcc -E'
ac_cv_prog_ac_ct_CC=gcc
ac_cv_prog_ac_ct_CXX=g++
ac_cv_prog_cc_c89=
ac_cv_prog_cc_g=yes
ac_cv_prog_cxx_g=yes
ac_cv_prog_have_bunzip2=yes
ac_cv_prog_have_gunzip=yes
ac_cv_prog_have_make=yes
ac_cv_prog_have_patch=yes
ac_cv_prog_have_tar=yes

## ----------------- ##
## Output variables. ##
## ----------------- ##

CC='gcc'
CFLAGS='-g -O2'
CPP='gcc -E'
CPPFLAGS=''
CXX='g++'
CXXFLAGS='-g -O2'
DEFS='-DPACKAGE_NAME=\"FULL-PACKAGE-NAME\" -DPACKAGE_TARNAME=\"full-package-name\" -DPACKAGE_VERSION=\"VERSION\" -DPACKAGE_STRING=\"FULL-PACKAGE-NAME\ VERSION\" -DPACKAGE_BUGREPORT=\"BUG-REPORT-ADDRESS\" -DPACKAGE_URL=\"\" -DSTDC_HEADERS=1 -DHAVE_SYS_TYPES_H=1 -DHAVE_SYS_STAT_H=1 -DHAVE_STDLIB_H=1 -DHAVE_STRING_H=1 -DHAVE_MEMORY_H=1 -DHAVE_STRINGS_H=1 -DHAVE_INTTYPES_H=1 -DHAVE_STDINT_H=1 -DHAVE_UNISTD_H=1'
ECHO_C=''
ECHO_N='-n'
ECHO_T=''
EGREP='/usr/bin/grep -E'
EXEEXT=''
GREP='/usr/bin/grep'
LDFLAGS=''
LIBOBJS=''
LIBS=''
LTLIBOBJS=''
OBJEXT='o'
PACKAGE_BUGREPORT='BUG-REPORT-ADDRESS'
PACKAGE_NAME='FULL-PACKAGE-NAME'
PACKAGE_STRING='FULL-PACKAGE-NAME VERSION'
PACKAGE_TARNAME='full-package-name'
PACKAGE_URL=''
PACKAGE_VERSION='VERSION'
PATH_SEPARATOR=':'
SHELL='/bin/bash'
ac_ct_CC='gcc'
ac_ct_CXX='g++'
bindir='${exec_prefix}/bin'
build_alias=''
datadir='${datarootdir}'
datarootdir='${prefix}/share'
docdir='${datarootdir}/doc/${PACKAGE_TARNAME}'
dvidir='${docdir}'
exec_prefix='${prefix}'
have_bunzip2='yes'
have_gunzip='yes'
have_libjpeg='yes'
have_libz='yes'
have_make='yes'
have_patch='yes'
have_readline='yes'
have_ssl='yes'
have_ssl_h='yes'
have_tar='yes'
have_xml2_config='/usr/bin/xml2-config'
have_xslt_config='/usr/bin/xslt-config'
host_alias=''
htmldir='${docdir}'
includedir='${prefix}/include'
infodir='${datarootdir}/info'
libdir='${exec_prefix}/lib'
libexecdir='${exec_prefix}/libexec'
localedir='${datarootdir}/locale'
localstatedir='${prefix}/var'
mandir='${datarootdir}/man'
oldincludedir='/usr/include'
pdfdir='${docdir}'
prefix='/usr/local'
program_transform_name='s,x,x,'
psdir='${docdir}'
sbindir='${exec_prefix}/sbin'
sharedstatedir='${prefix}/com'
sysconfdir='${prefix}/etc'
target_alias=''

## ----------- ##
## confdefs.h. ##
## ----------- ##

/* confdefs.h */
#define PACKAGE_NAME "FULL-PACKAGE-NAME"
#define PACKAGE_TARNAME "full-package-name"
#define PACKAGE_VERSION "VERSION"
#define PACKAGE_STRING "FULL-PACKAGE-NAME VERSION"
#define PACKAGE_BUGREPORT "BUG-REPORT-ADDRESS"
#define PACKAGE_URL ""
#define STDC_HEADERS 1
#define HAVE_SYS_TYPES_H 1
#define HAVE_SYS_STAT_H 1
#define HAVE_STDLIB_H 1
#define HAVE_STRING_H 1
#define HAVE_MEMORY_H 1
#define HAVE_STRINGS_H 1
#define HAVE_INTTYPES_H 1
#define HAVE_STDINT_H 1
#define HAVE_UNISTD_H 1

preflight: exit 0
